
> softec-26@0.1.0 dev /Users/muhammadhassanali/tryinBuildingCrazyStuff/softec-26/softec-26
> next dev

▲ Next.js 16.2.4 (Turbopack)
- Local:         http://localhost:3010
- Network:       http://192.168.0.128:3010
- Environments: .env
✓ Ready in 290ms

[2m2026-04-19T00:11:51.913Z[0m [33mWARN[0m [1m[Better Auth]:[0m Social provider github is missing clientId or clientSecret
[2m2026-04-19T00:11:51.916Z[0m [33mWARN[0m [1m[Better Auth]:[0m Social provider google is missing clientId or clientSecret
 POST /api/uploadthing?actionType=upload&slug=screenshotUploader 500 in 1556ms (next.js: 1414ms, proxy.ts: 111ms, application-code: 32ms)
[2m2026-04-19T00:11:55.845Z[0m [33mWARN[0m [1m[Better Auth]:[0m Social provider github is missing clientId or clientSecret
[2m2026-04-19T00:11:55.847Z[0m [33mWARN[0m [1m[Better Auth]:[0m Social provider google is missing clientId or clientSecret
[2m2026-04-19T00:11:55.857Z[0m [31mERROR[0m [1m[Better Auth]:[0m Invalid origin: http://localhost:3010
 POST /api/auth/sign-up/email 403 in 835ms (next.js: 825ms, proxy.ts: 3ms, application-code: 8ms)
[2m2026-04-19T00:11:55.875Z[0m [31mERROR[0m [1m[Better Auth]:[0m Invalid origin: http://localhost:3010
 POST /api/auth/sign-in/email 403 in 8ms (next.js: 3ms, proxy.ts: 2ms, application-code: 3ms)
(node:11920) Warning: SECURITY WARNING: The SSL modes 'prefer', 'require', and 'verify-ca' are treated as aliases for 'verify-full'.
In the next major version (pg-connection-string v3.0.0 and pg v9.0.0), these modes will adopt standard libpq semantics, which have weaker security guarantees.

To prepare for this change:
- If you want the current behavior, explicitly use 'sslmode=verify-full'
- If you want libpq compatibility now, use 'uselibpqcompat=true&sslmode=require'

See https://www.postgresql.org/docs/current/libpq-ssl.html for libpq SSL mode definitions.
(Use `node --trace-warnings ...` to show where the warning was created)
[2m2026-04-19T00:11:56.375Z[0m [33mWARN[0m [1m[Better Auth]:[0m Social provider github is missing clientId or clientSecret
[2m2026-04-19T00:11:56.377Z[0m [33mWARN[0m [1m[Better Auth]:[0m Social provider google is missing clientId or clientSecret
[05:11:56.988] INFO (#17) handleUploadAction=1098ms: Sending presigned URLs to client
  presignedUrls: [
    {
      url: 'https://sea1.ingest.uploadthing.com/prneloVimAMO5DOdBs3LEqjcCRtFDSPgzZU98n7bQWmL61Jx?expires=1776561116984&x-ut-identifier=umvryazi6u&x-ut-file-name=diag.png&x-ut-file-size=68&x-ut-file-type=image%252Fpng&x-ut-slug=screenshotUploader&x-ut-content-disposition=inline&signature=hmac-sha256%3D6c7d13cdec25f831f3447448c8d04a927bee51e1b4018ad208d53d6e16e5ee54',
      key: 'prneloVimAMO5DOdBs3LEqjcCRtFDSPgzZU98n7bQWmL61Jx',
      name: 'diag.png',
      customId: null
    }
  ]
 POST /api/uploadthing?actionType=upload&slug=screenshotUploader 200 in 1118ms (next.js: 930µs, proxy.ts: 1617µs, application-code: 1116ms)
 POST /api/uploadthing?actionType=upload&slug=screenshotUploader 500 in 11ms (next.js: 2ms, proxy.ts: 2ms, application-code: 6ms)
[2m2026-04-19T00:13:28.121Z[0m [33mWARN[0m [1m[Better Auth]:[0m Social provider github is missing clientId or clientSecret
[2m2026-04-19T00:13:28.122Z[0m [33mWARN[0m [1m[Better Auth]:[0m Social provider google is missing clientId or clientSecret
 POST /api/auth/sign-up/email 200 in 1824ms (next.js: 3ms, proxy.ts: 1598µs, application-code: 1820ms)
[2m2026-04-19T00:13:29.436Z[0m [31mERROR[0m [1m[Better Auth]:[0m Invalid origin: http://localhost:3010
 POST /api/auth/sign-in/email 403 in 7ms (next.js: 2ms, proxy.ts: 1551µs, application-code: 3ms)
[05:13:29.634] INFO (#29) handleUploadAction=186ms: Sending presigned URLs to client
  presignedUrls: [
    {
      url: 'https://sea1.ingest.uploadthing.com/prneloVimAMOp7ujQ4VimAMOWh2zR13j9LeXEaCZKodl04UN?expires=1776561209633&x-ut-identifier=umvryazi6u&x-ut-file-name=diag.png&x-ut-file-size=68&x-ut-file-type=image%252Fpng&x-ut-slug=screenshotUploader&x-ut-content-disposition=inline&signature=hmac-sha256%3Ddd6389c88ce1e3e029218af43017cbff2cfe8c28282ec90f2983c536e43ecf86',
      key: 'prneloVimAMOp7ujQ4VimAMOWh2zR13j9LeXEaCZKodl04UN',
      name: 'diag.png',
      customId: null
    }
  ]
 POST /api/uploadthing?actionType=upload&slug=screenshotUploader 200 in 192ms (next.js: 1147µs, proxy.ts: 1367µs, application-code: 190ms)
[2m2026-04-19T00:13:29.903Z[0m [33mWARN[0m [1m[Better Auth]:[0m Social provider github is missing clientId or clientSecret
[2m2026-04-19T00:13:29.904Z[0m [33mWARN[0m [1m[Better Auth]:[0m Social provider google is missing clientId or clientSecret
 POST /api/uploadthing?actionType=upload&slug=screenshotUploader 500 in 7ms (next.js: 1002µs, proxy.ts: 2ms, application-code: 4ms)
[2m2026-04-19T00:13:35.202Z[0m [33mWARN[0m [1m[Better Auth]:[0m Social provider github is missing clientId or clientSecret
[2m2026-04-19T00:13:35.203Z[0m [33mWARN[0m [1m[Better Auth]:[0m Social provider google is missing clientId or clientSecret
 POST /api/auth/sign-up/email 200 in 597ms (next.js: 2ms, proxy.ts: 1335µs, application-code: 593ms)
[2m2026-04-19T00:13:35.319Z[0m [31mERROR[0m [1m[Better Auth]:[0m Invalid origin: http://localhost:3010
 POST /api/auth/sign-in/email 403 in 7ms (next.js: 3ms, proxy.ts: 1709µs, application-code: 2ms)
[05:13:35.435] INFO (#41) handleUploadAction=104ms: Sending presigned URLs to client
  presignedUrls: [
    {
      url: 'https://sea1.ingest.uploadthing.com/prneloVimAMOH4o85f31Shnx4wpdWtmkcbU28gQiMNXR603D?expires=1776561215434&x-ut-identifier=umvryazi6u&x-ut-file-name=diag.png&x-ut-file-size=68&x-ut-file-type=image%252Fpng&x-ut-slug=screenshotUploader&x-ut-content-disposition=inline&signature=hmac-sha256%3Dd7a9525bcfdebfc7f06bb3324f39a1f99a9d567fa4abdb53d56246de203a6c48',
      key: 'prneloVimAMOH4o85f31Shnx4wpdWtmkcbU28gQiMNXR603D',
      name: 'diag.png',
      customId: null
    }
  ]
 POST /api/uploadthing?actionType=upload&slug=screenshotUploader 200 in 109ms (next.js: 845µs, proxy.ts: 1167µs, application-code: 107ms)
[2m2026-04-19T00:13:35.791Z[0m [33mWARN[0m [1m[Better Auth]:[0m Social provider github is missing clientId or clientSecret
[2m2026-04-19T00:13:35.792Z[0m [33mWARN[0m [1m[Better Auth]:[0m Social provider google is missing clientId or clientSecret
Persisting failed: Unable to write SST file 00000043.sst

Caused by:
    No such file or directory (os error 2)
Persisting failed: Another write batch or compaction is already active (Only a single write operations is allowed at a time)
Compaction failed: Another write batch or compaction is already active (Only a single write operations is allowed at a time)
Compaction failed: Another write batch or compaction is already active (Only a single write operations is allowed at a time)
Compaction failed: Another write batch or compaction is already active (Only a single write operations is allowed at a time)
Compaction failed: Another write batch or compaction is already active (Only a single write operations is allowed at a time)
Compaction failed: Another write batch or compaction is already active (Only a single write operations is allowed at a time)
Persisting failed: Another write batch or compaction is already active (Only a single write operations is allowed at a time)
Compaction failed: Another write batch or compaction is already active (Only a single write operations is allowed at a time)
Persisting failed: Another write batch or compaction is already active (Only a single write operations is allowed at a time)
Persisting failed: Another write batch or compaction is already active (Only a single write operations is allowed at a time)
Compaction failed: Another write batch or compaction is already active (Only a single write operations is allowed at a time)
Compaction failed: Another write batch or compaction is already active (Only a single write operations is allowed at a time)
Persisting failed: Another write batch or compaction is already active (Only a single write operations is allowed at a time)
Persisting failed: Another write batch or compaction is already active (Only a single write operations is allowed at a time)
Compaction failed: Another write batch or compaction is already active (Only a single write operations is allowed at a time)
Persisting failed: Another write batch or compaction is already active (Only a single write operations is allowed at a time)
Compaction failed: Another write batch or compaction is already active (Only a single write operations is allowed at a time)
Persisting failed: Another write batch or compaction is already active (Only a single write operations is allowed at a time)
Compaction failed: Another write batch or compaction is already active (Only a single write operations is allowed at a time)
Persisting failed: Another write batch or compaction is already active (Only a single write operations is allowed at a time)
Compaction failed: Another write batch or compaction is already active (Only a single write operations is allowed at a time)
Persisting failed: Another write batch or compaction is already active (Only a single write operations is allowed at a time)
Compaction failed: Another write batch or compaction is already active (Only a single write operations is allowed at a time)
Persisting failed: Another write batch or compaction is already active (Only a single write operations is allowed at a time)
Compaction failed: Another write batch or compaction is already active (Only a single write operations is allowed at a time)
Compaction failed: Another write batch or compaction is already active (Only a single write operations is allowed at a time)
Compaction failed: Another write batch or compaction is already active (Only a single write operations is allowed at a time)
Compaction failed: Another write batch or compaction is already active (Only a single write operations is allowed at a time)
Compaction failed: Another write batch or compaction is already active (Only a single write operations is allowed at a time)
Compaction failed: Another write batch or compaction is already active (Only a single write operations is allowed at a time)
Compaction failed: Another write batch or compaction is already active (Only a single write operations is allowed at a time)
Compaction failed: Another write batch or compaction is already active (Only a single write operations is allowed at a time)
Compaction failed: Another write batch or compaction is already active (Only a single write operations is allowed at a time)
Compaction failed: Another write batch or compaction is already active (Only a single write operations is allowed at a time)
Compaction failed: Another write batch or compaction is already active (Only a single write operations is allowed at a time)
Compaction failed: Another write batch or compaction is already active (Only a single write operations is allowed at a time)
Compaction failed: Another write batch or compaction is already active (Only a single write operations is allowed at a time)
Compaction failed: Another write batch or compaction is already active (Only a single write operations is allowed at a time)
Compaction failed: Another write batch or compaction is already active (Only a single write operations is allowed at a time)
Compaction failed: Another write batch or compaction is already active (Only a single write operations is allowed at a time)
Compaction failed: Another write batch or compaction is already active (Only a single write operations is allowed at a time)
Compaction failed: Another write batch or compaction is already active (Only a single write operations is allowed at a time)
Compaction failed: Another write batch or compaction is already active (Only a single write operations is allowed at a time)
Compaction failed: Another write batch or compaction is already active (Only a single write operations is allowed at a time)
Compaction failed: Another write batch or compaction is already active (Only a single write operations is allowed at a time)
Compaction failed: Another write batch or compaction is already active (Only a single write operations is allowed at a time)
Compaction failed: Another write batch or compaction is already active (Only a single write operations is allowed at a time)
Compaction failed: Another write batch or compaction is already active (Only a single write operations is allowed at a time)
